<?xml version="1.0" encoding="UTF-8"?>
<!-- Generated by org.testng.reporters.JUnitXMLReporter -->
<testsuite ignored="0" hostname="DESKTOP-BF12S4B" failures="1" tests="3" name="Surefire test" time="16.073" errors="0" timestamp="2024-07-20T15:00:20 IST">
  <testcase classname="io.cucumber.testng.AbstractTestNGCucumberTests" name="runScenario" time="10.539">
    <failure type="java.lang.AssertionError" message="expected [No data] but found [Beetroot]">
      <![CDATA[java.lang.AssertionError: expected [No data] but found [Beetroot]
at StepDefinition.OfferPageStepDefinition.user_search_same_product_with_shortname_in_the_offer_page_to_check_if_product_exist(OfferPageStepDefinition.java:27)
at ✽.user search same product with shortname Beet in the offer page to check if product exist(file:///C:/Users/LENOVO/eclipse-workspace/LatestCucumberFramework/src/test/java/Features/searchProduct.feature:6)
... Removed 6 stack frames]]>
    </failure>
  </testcase> <!-- runScenario -->
  <testcase classname="io.cucumber.testng.AbstractTestNGCucumberTests" name="runScenario" time="11.129"/>
  <testcase classname="io.cucumber.testng.AbstractTestNGCucumberTests" name="runScenario" time="15.673"/>
</testsuite> <!-- Surefire test -->
