<?xml version="1.0" encoding="UTF-8"?>
<!-- Generated by org.testng.reporters.JUnitReportReporter -->
<testsuite hostname="DESKTOP-BF12S4B" failures="1" tests="1" name="TestRunner.FailedTestRunner" time="7.141" errors="0" timestamp="2024-07-22T18:59:39 IST" skipped="0">
  <testcase classname="TestRunner.FailedTestRunner" name="runScenario" time="7.141">
    <failure message="expected [No data] but found [Beetroot]" type="java.lang.AssertionError">
      <![CDATA[java.lang.AssertionError: expected [No data] but found [Beetroot]
at org.testng.Assert.fail(Assert.java:111)
at org.testng.Assert.failNotEquals(Assert.java:1578)
at org.testng.Assert.assertEqualsImpl(Assert.java:150)
at org.testng.Assert.assertEquals(Assert.java:132)
at org.testng.Assert.assertEquals(Assert.java:656)
at org.testng.Assert.assertEquals(Assert.java:666)
at StepDefinition.OfferPageStepDefinition.user_search_same_product_with_shortname_in_the_offer_page_to_check_if_product_exist(OfferPageStepDefinition.java:27)
at ✽.user search same product with shortname Beet in the offer page to check if product exist(file:///C:/Users/LENOVO/eclipse-workspace/LatestCucumberFramework/src/test/java/Features/searchProduct.feature:6)
]]>
    </failure>
  </testcase> <!-- runScenario -->
</testsuite> <!-- TestRunner.FailedTestRunner -->
